<?xml version="1.0" encoding="UTF-8"?>
<!-- Generated by org.testng.reporters.JUnitXMLReporter -->
<testsuite ignored="0" hostname="ACP" failures="0" tests="6" name="Default test" time="3.486" errors="0" timestamp="2023-05-26T20:52:10 PET">
  <testcase classname="automatizacionapi.flujoprueba" name="creaUser" time="1.49"/>
  <testcase classname="automatizacionapi.flujoprueba" name="consultaUser" time="0.103"/>
  <testcase classname="automatizacionapi.flujoprueba" name="actualizaPUT" time="0.53"/>
  <testcase classname="automatizacionapi.flujoprueba" name="actualizaPATCH" time="0.462"/>
  <testcase classname="automatizacionapi.flujoprueba" name="ejecutaDelete" time="0.463"/>
  <testcase classname="automatizacionapi.flujoprueba" name="consultaUserdeleteado" time="0.129"/>
</testsuite> <!-- Default test -->
